{"numFailedTestSuites":1,"numFailedTests":0,"numPassedTestSuites":0,"numPassedTests":0,"numPendingTestSuites":0,"numPendingTests":0,"numRuntimeErrorTestSuites":1,"numTodoTests":0,"numTotalTestSuites":1,"numTotalTests":0,"openHandles":[],"snapshot":{"added":0,"didUpdate":false,"failure":false,"filesAdded":0,"filesRemoved":0,"filesRemovedList":[],"filesUnmatched":0,"filesUpdated":0,"matched":0,"total":0,"unchecked":0,"uncheckedKeysByFile":[],"unmatched":0,"updated":0},"startTime":1730301996280,"success":false,"testResults":[{"assertionResults":[],"coverage":{},"endTime":1730301997548,"message":"  ● Test suite failed to run\n\n    ReferenceError: G:\\JavaScript\\portfolio-master\\__test__\\assets\\js\\script.sapient.test.js: The module factory of `jest.mock()` is not allowed to reference any out-of-scope variables.\n    Invalid variable access: document\n    Allowed objects: AbortController, AbortSignal, AggregateError, Array, ArrayBuffer, Atomics, BigInt, BigInt64Array, BigUint64Array, Blob, Boolean, BroadcastChannel, Buffer, ByteLengthQueuingStrategy, CompressionStream, CountQueuingStrategy, Crypto, CryptoKey, CustomEvent, DOMException, DataView, Date, DecompressionStream, Error, EvalError, Event, EventTarget, File, FinalizationRegistry, Float32Array, Float64Array, FormData, Function, Generator, GeneratorFunction, Headers, Infinity, Int16Array, Int32Array, Int8Array, InternalError, Intl, JSON, Map, Math, MessageChannel, MessageEvent, MessagePort, NaN, Number, Object, Performance, PerformanceEntry, PerformanceMark, PerformanceMeasure, PerformanceObserver, PerformanceObserverEntryList, PerformanceResourceTiming, Promise, Proxy, RangeError, ReadableByteStreamController, ReadableStream, ReadableStreamBYOBReader, ReadableStreamBYOBRequest, ReadableStreamDefaultController, ReadableStreamDefaultReader, ReferenceError, Reflect, RegExp, Request, Response, Set, SharedArrayBuffer, String, SubtleCrypto, Symbol, SyntaxError, TextDecoder, TextDecoderStream, TextEncoder, TextEncoderStream, TransformStream, TransformStreamDefaultController, TypeError, URIError, URL, URLSearchParams, Uint16Array, Uint32Array, Uint8Array, Uint8ClampedArray, WeakMap, WeakRef, WeakSet, WebAssembly, WritableStream, WritableStreamDefaultController, WritableStreamDefaultWriter, __dirname, __filename, arguments, atob, btoa, clearImmediate, clearInterval, clearTimeout, console, crypto, decodeURI, decodeURIComponent, encodeURI, encodeURIComponent, escape, eval, expect, exports, fetch, global, globalThis, isFinite, isNaN, jest, module, parseFloat, parseInt, performance, process, queueMicrotask, require, setImmediate, setInterval, setTimeout, structuredClone, undefined, unescape.\n    Note: This is a precaution to guard against uninitialized mock variables. If it is ensured that the mock is required lazily, variable names prefixed with `mock` (case insensitive) are permitted.\n\n    \u001b[0m \u001b[90m 10 |\u001b[39m jest\u001b[33m.\u001b[39mmock(\u001b[32m'../../../assets/js/script.js'\u001b[39m\u001b[33m,\u001b[39m () \u001b[33m=>\u001b[39m {\n     \u001b[90m 11 |\u001b[39m   \u001b[90m// This will be executed when the script is imported\u001b[39m\n    \u001b[31m\u001b[1m>\u001b[22m\u001b[39m\u001b[90m 12 |\u001b[39m   \u001b[36mconst\u001b[39m header \u001b[33m=\u001b[39m document\u001b[33m.\u001b[39mcreateElement(\u001b[32m'header'\u001b[39m)\u001b[33m;\u001b[39m\n     \u001b[90m    |\u001b[39m                  \u001b[31m\u001b[1m^\u001b[22m\u001b[39m\u001b[31m\u001b[1m^\u001b[22m\u001b[39m\u001b[31m\u001b[1m^\u001b[22m\u001b[39m\u001b[31m\u001b[1m^\u001b[22m\u001b[39m\u001b[31m\u001b[1m^\u001b[22m\u001b[39m\u001b[31m\u001b[1m^\u001b[22m\u001b[39m\u001b[31m\u001b[1m^\u001b[22m\u001b[39m\u001b[31m\u001b[1m^\u001b[22m\u001b[39m\n     \u001b[90m 13 |\u001b[39m   header\u001b[33m.\u001b[39msetAttribute(\u001b[32m'data-header'\u001b[39m\u001b[33m,\u001b[39m \u001b[32m''\u001b[39m)\u001b[33m;\u001b[39m\n     \u001b[90m 14 |\u001b[39m   document\u001b[33m.\u001b[39mbody\u001b[33m.\u001b[39mappendChild(header)\u001b[33m;\u001b[39m\n     \u001b[90m 15 |\u001b[39m\u001b[0m\n\n      at File.buildCodeFrameError (C:/Users/ASUS/AppData/Local/npm-cache/_npx/b8d86e6551a4f492/node_modules/@babel/core/src/transformation/file/file.ts:247:12)\n      at NodePath.buildError [as buildCodeFrameError] (C:/Users/ASUS/AppData/Local/npm-cache/_npx/b8d86e6551a4f492/node_modules/@babel/traverse/src/path/index.ts:141:21)\n      at call (C:/Users/ASUS/AppData/Local/npm-cache/_npx/b8d86e6551a4f492/node_modules/@babel/traverse/src/visitors.ts:303:14)\n      at NodePath.call [as _call] (C:/Users/ASUS/AppData/Local/npm-cache/_npx/b8d86e6551a4f492/node_modules/@babel/traverse/src/path/context.ts:36:20)\n      at NodePath.call (C:/Users/ASUS/AppData/Local/npm-cache/_npx/b8d86e6551a4f492/node_modules/@babel/traverse/src/path/context.ts:21:18)\n      at NodePath.call [as visit] (C:/Users/ASUS/AppData/Local/npm-cache/_npx/b8d86e6551a4f492/node_modules/@babel/traverse/src/path/context.ts:97:31)\n      at TraversalContext.visit [as visitQueue] (C:/Users/ASUS/AppData/Local/npm-cache/_npx/b8d86e6551a4f492/node_modules/@babel/traverse/src/context.ts:148:16)\n      at TraversalContext.visitQueue [as visitMultiple] (C:/Users/ASUS/AppData/Local/npm-cache/_npx/b8d86e6551a4f492/node_modules/@babel/traverse/src/context.ts:99:17)\n      at TraversalContext.visitMultiple [as visit] (C:/Users/ASUS/AppData/Local/npm-cache/_npx/b8d86e6551a4f492/node_modules/@babel/traverse/src/context.ts:178:19)\n      at visit (C:/Users/ASUS/AppData/Local/npm-cache/_npx/b8d86e6551a4f492/node_modules/@babel/traverse/src/traverse-node.ts:40:17)\n      at NodePath.visit (C:/Users/ASUS/AppData/Local/npm-cache/_npx/b8d86e6551a4f492/node_modules/@babel/traverse/src/path/context.ts:104:33)\n      at TraversalContext.visit [as visitQueue] (C:/Users/ASUS/AppData/Local/npm-cache/_npx/b8d86e6551a4f492/node_modules/@babel/traverse/src/context.ts:148:16)\n      at TraversalContext.visitQueue [as visitSingle] (C:/Users/ASUS/AppData/Local/npm-cache/_npx/b8d86e6551a4f492/node_modules/@babel/traverse/src/context.ts:109:19)\n      at TraversalContext.visitSingle [as visit] (C:/Users/ASUS/AppData/Local/npm-cache/_npx/b8d86e6551a4f492/node_modules/@babel/traverse/src/context.ts:180:19)\n      at visit (C:/Users/ASUS/AppData/Local/npm-cache/_npx/b8d86e6551a4f492/node_modules/@babel/traverse/src/traverse-node.ts:40:17)\n      at traverse (C:/Users/ASUS/AppData/Local/npm-cache/_npx/b8d86e6551a4f492/node_modules/@babel/traverse/src/index.ts:83:15)\n      at transformFile (C:/Users/ASUS/AppData/Local/npm-cache/_npx/b8d86e6551a4f492/node_modules/@babel/core/src/transformation/index.ts:119:15)\n          at transformFile.next (<anonymous>)\n      at transformFile (C:/Users/ASUS/AppData/Local/npm-cache/_npx/b8d86e6551a4f492/node_modules/@babel/core/src/transformation/index.ts:49:12)\n          at run.next (<anonymous>)\n      at transform (C:/Users/ASUS/AppData/Local/npm-cache/_npx/b8d86e6551a4f492/node_modules/@babel/core/src/transform.ts:29:20)\n          at transform.next (<anonymous>)\n      at evaluateSync (C:/Users/ASUS/AppData/Local/npm-cache/_npx/b8d86e6551a4f492/node_modules/gensync/index.js:251:28)\n      at sync (C:/Users/ASUS/AppData/Local/npm-cache/_npx/b8d86e6551a4f492/node_modules/gensync/index.js:89:14)\n      at fn (C:/Users/ASUS/AppData/Local/npm-cache/_npx/b8d86e6551a4f492/node_modules/@babel/core/src/errors/rewrite-stack-trace.ts:99:14)\n      at transformSync (C:/Users/ASUS/AppData/Local/npm-cache/_npx/b8d86e6551a4f492/node_modules/@babel/core/src/transform.ts:66:52)\n      at ScriptTransformer.transformSource (C:/Users/ASUS/AppData/Local/npm-cache/_npx/b8d86e6551a4f492/node_modules/@jest/transform/build/ScriptTransformer.js:545:31)\n      at ScriptTransformer._transformAndBuildScript (C:/Users/ASUS/AppData/Local/npm-cache/_npx/b8d86e6551a4f492/node_modules/@jest/transform/build/ScriptTransformer.js:674:40)\n      at ScriptTransformer.transform (C:/Users/ASUS/AppData/Local/npm-cache/_npx/b8d86e6551a4f492/node_modules/@jest/transform/build/ScriptTransformer.js:726:19)\n","name":"G:\\JavaScript\\portfolio-master\\__test__\\assets\\js\\script.sapient.test.js","startTime":1730301997548,"status":"failed","summary":""}],"wasInterrupted":false,"coverageMap":{}}
